<?xml version="1.0" encoding="UTF-8"?>
<testsuite name="ca.josue_lubaki.ApplicationTest" tests="1" skipped="0" failures="1" errors="0" timestamp="2023-03-05T23:56:31" hostname="LAPTOP-ESTCQDBJ" time="1.546">
  <properties/>
  <testcase name="testRoot" classname="ca.josue_lubaki.ApplicationTest" time="1.546">
    <failure message="java.lang.ExceptionInInitializerError" type="java.lang.ExceptionInInitializerError">java.lang.ExceptionInInitializerError
	at ca.josue_lubaki.plugins.KoinKt$configureKoin$1.invoke(Koin.kt:17)
	at ca.josue_lubaki.plugins.KoinKt$configureKoin$1.invoke(Koin.kt:15)
	at io.ktor.server.application.CreatePluginUtilsKt.createPluginInstance(CreatePluginUtils.kt:261)
	at io.ktor.server.application.CreatePluginUtilsKt.access$createPluginInstance(CreatePluginUtils.kt:1)
	at io.ktor.server.application.CreatePluginUtilsKt$createApplicationPlugin$2.install(CreatePluginUtils.kt:90)
	at io.ktor.server.application.CreatePluginUtilsKt$createApplicationPlugin$2.install(CreatePluginUtils.kt:83)
	at io.ktor.server.application.ApplicationPluginKt.install(ApplicationPlugin.kt:98)
	at ca.josue_lubaki.plugins.KoinKt.configureKoin(Koin.kt:15)
	at ca.josue_lubaki.ApplicationKt.module(Application.kt:12)
	at java.base/jdk.internal.reflect.NativeMethodAccessorImpl.invoke0(Native Method)
	at java.base/jdk.internal.reflect.NativeMethodAccessorImpl.invoke(NativeMethodAccessorImpl.java:62)
	at java.base/jdk.internal.reflect.DelegatingMethodAccessorImpl.invoke(DelegatingMethodAccessorImpl.java:43)
	at java.base/java.lang.reflect.Method.invoke(Method.java:566)
	at kotlin.reflect.jvm.internal.calls.CallerImpl$Method.callMethod(CallerImpl.kt:97)
	at kotlin.reflect.jvm.internal.calls.CallerImpl$Method$Static.call(CallerImpl.kt:106)
	at kotlin.reflect.jvm.internal.KCallableImpl.call(KCallableImpl.kt:108)
	at kotlin.reflect.jvm.internal.KCallableImpl.callDefaultMethod$kotlin_reflection(KCallableImpl.kt:159)
	at kotlin.reflect.jvm.internal.KCallableImpl.callBy(KCallableImpl.kt:112)
	at io.ktor.server.engine.internal.CallableUtilsKt.callFunctionWithInjection(CallableUtils.kt:119)
	at io.ktor.server.engine.internal.CallableUtilsKt.executeModuleFunction(CallableUtils.kt:36)
	at io.ktor.server.engine.ApplicationEngineEnvironmentReloading$launchModuleByName$1.invoke(ApplicationEngineEnvironmentReloading.kt:331)
	at io.ktor.server.engine.ApplicationEngineEnvironmentReloading$launchModuleByName$1.invoke(ApplicationEngineEnvironmentReloading.kt:330)
	at io.ktor.server.engine.ApplicationEngineEnvironmentReloading.avoidingDoubleStartupFor(ApplicationEngineEnvironmentReloading.kt:355)
	at io.ktor.server.engine.ApplicationEngineEnvironmentReloading.launchModuleByName(ApplicationEngineEnvironmentReloading.kt:330)
	at io.ktor.server.engine.ApplicationEngineEnvironmentReloading.access$launchModuleByName(ApplicationEngineEnvironmentReloading.kt:32)
	at io.ktor.server.engine.ApplicationEngineEnvironmentReloading$instantiateAndConfigureApplication$1.invoke(ApplicationEngineEnvironmentReloading.kt:311)
	at io.ktor.server.engine.ApplicationEngineEnvironmentReloading$instantiateAndConfigureApplication$1.invoke(ApplicationEngineEnvironmentReloading.kt:309)
	at io.ktor.server.engine.ApplicationEngineEnvironmentReloading.avoidingDoubleStartup(ApplicationEngineEnvironmentReloading.kt:337)
	at io.ktor.server.engine.ApplicationEngineEnvironmentReloading.instantiateAndConfigureApplication(ApplicationEngineEnvironmentReloading.kt:309)
	at io.ktor.server.engine.ApplicationEngineEnvironmentReloading.createApplication(ApplicationEngineEnvironmentReloading.kt:150)
	at io.ktor.server.engine.ApplicationEngineEnvironmentReloading.start(ApplicationEngineEnvironmentReloading.kt:276)
	at io.ktor.server.testing.TestApplicationEngine.start(TestApplicationEngine.kt:142)
	at io.ktor.server.engine.ApplicationEngine$DefaultImpls.start$default(ApplicationEngine.kt:68)
	at io.ktor.server.testing.client.TestHttpClientEngine.execute(TestHttpClientEngine.kt:47)
	at io.ktor.server.testing.client.DelegatingTestClientEngine.execute(DelegatingTestClientEngine.kt:56)
	at io.ktor.client.engine.HttpClientEngine$executeWithinCallContext$2.invokeSuspend(HttpClientEngine.kt:99)
	at kotlin.coroutines.jvm.internal.BaseContinuationImpl.resumeWith(ContinuationImpl.kt:33)
	at kotlinx.coroutines.DispatchedTask.run(DispatchedTask.kt:106)
	at kotlinx.coroutines.internal.LimitedDispatcher.run(LimitedDispatcher.kt:42)
	at kotlinx.coroutines.scheduling.TaskImpl.run(Tasks.kt:95)
	at kotlinx.coroutines.scheduling.CoroutineScheduler.runSafely(CoroutineScheduler.kt:570)
	at kotlinx.coroutines.scheduling.CoroutineScheduler$Worker.executeTask(CoroutineScheduler.kt:750)
	at kotlinx.coroutines.scheduling.CoroutineScheduler$Worker.runWorker(CoroutineScheduler.kt:677)
	at kotlinx.coroutines.scheduling.CoroutineScheduler$Worker.run(CoroutineScheduler.kt:664)
Caused by: java.lang.NullPointerException: dbName must not be null
	at ca.josue_lubaki.di.KoinModuleKt$KoinModule$1.invoke(KoinModule.kt:32)
	at ca.josue_lubaki.di.KoinModuleKt$KoinModule$1.invoke(KoinModule.kt:26)
	at org.koin.dsl.ModuleDSLKt.module(ModuleDSL.kt:40)
	at org.koin.dsl.ModuleDSLKt.module$default(ModuleDSL.kt:38)
	at ca.josue_lubaki.di.KoinModuleKt.&lt;clinit&gt;(KoinModule.kt:26)
	... 44 more
</failure>
  </testcase>
  <system-out><![CDATA[2023-03-05 18:56:32.018 [Test worker @coroutine#1] TRACE io.ktor.client.plugins.HttpPlainText - Adding Accept-Charset=UTF-8 to http:///
2023-03-05 18:56:32.215 [DefaultDispatcher-worker-1 @call-context#2] INFO  ktor.test - No ktor.deployment.watch patterns specified, automatic reload is not active.
2023-03-05 18:56:33.129 [DefaultDispatcher-worker-1 @call-context#2] INFO  org.mongodb.driver.cluster - Cluster created with settings {hosts=[127.0.0.1:27017], srvHost=cluster1.ebbpcnk.mongodb.net, mode=MULTIPLE, requiredClusterType=REPLICA_SET, serverSelectionTimeout='30000 ms', requiredReplicaSetName='atlas-7vv86x-shard-0'}
2023-03-05 18:56:33.156 [Test worker @coroutine#1] TRACE i.k.client.plugins.HttpCallValidator - Processing exception java.lang.ExceptionInInitializerError for request http://localhost/
]]></system-out>
  <system-err><![CDATA[]]></system-err>
</testsuite>
