<?xml version="1.0" encoding="UTF-8"?>
<testsuite name="ca.josue_lubaki.ApplicationTest" tests="1" skipped="0" failures="0" errors="0" timestamp="2023-03-09T05:29:12" hostname="LAPTOP-ESTCQDBJ" time="2.024">
  <properties/>
  <testcase name="access root endpoint, assert correct information" classname="ca.josue_lubaki.ApplicationTest" time="2.024"/>
  <system-out><![CDATA[2023-03-09 00:29:12.855 [Test worker @coroutine#1] TRACE io.ktor.client.plugins.HttpPlainText - Adding Accept-Charset=UTF-8 to http:///
2023-03-09 00:29:13.105 [DefaultDispatcher-worker-1 @call-context#2] INFO  ktor.test - No ktor.deployment.watch patterns specified, automatic reload is not active.
2023-03-09 00:29:14.135 [DefaultDispatcher-worker-1 @call-context#2] DEBUG org.mongodb.driver.cluster - Updating cluster description to  {type=UNKNOWN, servers=[{address=localhost:27017, type=UNKNOWN, state=CONNECTING}]
2023-03-09 00:29:14.186 [DefaultDispatcher-worker-1 @call-context#2] INFO  org.mongodb.driver.client - MongoClient with metadata {"driver": {"name": "mongo-java-driver|reactive-streams|kmongo", "version": "4.8.0"}, "os": {"type": "Windows", "name": "Windows 11", "architecture": "amd64", "version": "10.0"}, "platform": "Java/Amazon.com Inc./11.0.15+9-LTS|Kotlin/1.8.10"} created with settings MongoClientSettings{readPreference=primary, writeConcern=WriteConcern{w=null, wTimeout=null ms, journal=null}, retryWrites=true, retryReads=true, readConcern=ReadConcern{level=null}, credential=null, streamFactoryFactory=null, commandListeners=[], codecRegistry=ProvidersCodecRegistry{codecProviders=[ProvidersCodecRegistry{codecProviders=[ValueCodecProvider{}, BsonValueCodecProvider{}, DBRefCodecProvider{}, DBObjectCodecProvider{}, DocumentCodecProvider{}, CollectionCodecProvider{}, IterableCodecProvider{}, MapCodecProvider{}, GeoJsonCodecProvider{}, GridFSFileCodecProvider{}, Jsr310CodecProvider{}, JsonObjectCodecProvider{}, BsonCodecProvider{}, EnumCodecProvider{}, com.mongodb.Jep395RecordCodecProvider@1c2357f]}, org.litote.kmongo.service.CustomCodecProvider@33f9ba49, ProvidersCodecRegistry{codecProviders=[org.litote.kmongo.jackson.JacksonCodecProvider@1c72b84c]}]}, clusterSettings={hosts=[localhost:27017], srvServiceName=mongodb, mode=SINGLE, requiredClusterType=UNKNOWN, requiredReplicaSetName='null', serverSelector='null', clusterListeners='[]', serverSelectionTimeout='30000 ms', localThreshold='30000 ms'}, socketSettings=SocketSettings{connectTimeoutMS=10000, readTimeoutMS=0, receiveBufferSize=0, sendBufferSize=0}, heartbeatSocketSettings=SocketSettings{connectTimeoutMS=10000, readTimeoutMS=10000, receiveBufferSize=0, sendBufferSize=0}, connectionPoolSettings=ConnectionPoolSettings{maxSize=100, minSize=0, maxWaitTimeMS=120000, maxConnectionLifeTimeMS=0, maxConnectionIdleTimeMS=0, maintenanceInitialDelayMS=0, maintenanceFrequencyMS=60000, connectionPoolListeners=[], maxConnecting=2}, serverSettings=ServerSettings{heartbeatFrequencyMS=10000, minHeartbeatFrequencyMS=500, serverListeners='[]', serverMonitorListeners='[]'}, sslSettings=SslSettings{enabled=false, invalidHostNameAllowed=false, context=null}, applicationName='null', compressorList=[], uuidRepresentation=UNSPECIFIED, serverApi=null, autoEncryptionSettings=null, contextProvider=null}
2023-03-09 00:29:14.201 [cluster-rtt-ClusterId{value='64096eaa8ca8b0561bc74698', description='null'}-localhost:27017] DEBUG org.mongodb.driver.connection - Opened connection [connectionId{localValue:2, serverValue:10}] to localhost:27017
2023-03-09 00:29:14.201 [cluster-ClusterId{value='64096eaa8ca8b0561bc74698', description='null'}-localhost:27017] DEBUG org.mongodb.driver.connection - Opened connection [connectionId{localValue:1, serverValue:9}] to localhost:27017
2023-03-09 00:29:14.202 [cluster-ClusterId{value='64096eaa8ca8b0561bc74698', description='null'}-localhost:27017] INFO  org.mongodb.driver.cluster - Monitor thread successfully connected to server with description ServerDescription{address=localhost:27017, type=STANDALONE, state=CONNECTED, ok=true, minWireVersion=0, maxWireVersion=13, maxDocumentSize=16777216, logicalSessionTimeoutMinutes=30, roundTripTimeNanos=32619000}
2023-03-09 00:29:14.202 [DefaultDispatcher-worker-1 @call-context#2] INFO  [Koin] - loaded 8 definitions in 1.5003 ms
2023-03-09 00:29:14.205 [cluster-ClusterId{value='64096eaa8ca8b0561bc74698', description='null'}-localhost:27017] DEBUG org.mongodb.driver.connection - Marking the connection pool for ServerId{clusterId=ClusterId{value='64096eaa8ca8b0561bc74698', description='null'}, address=localhost:27017} as 'ready'
2023-03-09 00:29:14.205 [MaintenanceTimer-2-thread-1] DEBUG org.mongodb.driver.connection - Pruning pooled connections to localhost:27017
2023-03-09 00:29:14.207 [cluster-ClusterId{value='64096eaa8ca8b0561bc74698', description='null'}-localhost:27017] DEBUG org.mongodb.driver.cluster - Updating cluster description to  {type=STANDALONE, servers=[{address=localhost:27017, type=STANDALONE, roundTripTime=32.6 ms, state=CONNECTED}]
2023-03-09 00:29:14.207 [cluster-ClusterId{value='64096eaa8ca8b0561bc74698', description='null'}-localhost:27017] DEBUG org.mongodb.driver.cluster - Checking status of localhost:27017
2023-03-09 00:29:14.270 [DefaultDispatcher-worker-1 @call-context#2] INFO  ktor.test - Application started in 1.19 seconds.
2023-03-09 00:29:14.271 [DefaultDispatcher-worker-1 @call-context#2] DEBUG ktor.test - Application started: io.ktor.server.application.Application@1bfef008
2023-03-09 00:29:14.329 [DefaultDispatcher-worker-1 @request#2] TRACE io.ktor.routing.Routing - Trace for []
/, segment:0 -> SUCCESS @ /
  /, segment:0 -> SUCCESS @ /
    /(method:GET), segment:0 -> SUCCESS @ /(method:GET)
    /auth, segment:0 -> FAILURE "Selector didn't match" @ /auth
    /api, segment:0 -> FAILURE "Selector didn't match" @ /api
Matched routes:
  "" -> "<slash>" -> "(method:GET)"
Route resolve result:
  SUCCESS @ /(method:GET)
2023-03-09 00:29:14.336 [DefaultDispatcher-worker-1 @request#2] TRACE i.k.s.p.c.ContentNegotiation - Skipping because body is already converted.
]]></system-out>
  <system-err><![CDATA[]]></system-err>
</testsuite>
